<?xml version="1.0" encoding="UTF-8"?>
<robot generator="Robot 3.2.2 (Python 3.9.2 on win32)" generated="20210303 18:15:37.527" rpa="false">
<suite id="s1" name="New" source="C:\Users\Swetha Rani Pannala\PycharmProjects\Iths\Tests\New.robot">
<test id="s1-t1" name="User can login into the infotiv car rental site">
<kw name="Begin Web Test" type="setup">
<kw name="Open Browser" library="SeleniumLibrary">
<doc>Opens a new browser instance to the optional ``url``.</doc>
<arguments>
<arg>about:blank</arg>
<arg>${BROWSER}</arg>
</arguments>
<msg timestamp="20210303 18:15:37.827" level="INFO">Opening browser 'chrome' to base url 'about:blank'.</msg>
<status status="PASS" starttime="20210303 18:15:37.826" endtime="20210303 18:15:39.322"></status>
</kw>
<status status="PASS" starttime="20210303 18:15:37.826" endtime="20210303 18:15:39.323"></status>
</kw>
<kw name="Go to Web Page">
<kw name="Load Page">
<kw name="Go To" library="SeleniumLibrary">
<doc>Navigates the current browser window to the provided ``url``.</doc>
<arguments>
<arg>${URL}</arg>
</arguments>
<msg timestamp="20210303 18:15:39.325" level="INFO">Opening url 'http://rental31.infotiv.net/'</msg>
<status status="PASS" starttime="20210303 18:15:39.325" endtime="20210303 18:15:40.493"></status>
</kw>
<status status="PASS" starttime="20210303 18:15:39.324" endtime="20210303 18:15:40.493"></status>
</kw>
<kw name="Verify Page Loaded">
<kw name="Wait Until Page Contains" library="SeleniumLibrary">
<doc>Waits until ``text`` appears on the current page.</doc>
<arguments>
<arg>Infotiv Car Rental</arg>
</arguments>
<status status="PASS" starttime="20210303 18:15:40.495" endtime="20210303 18:15:40.516"></status>
</kw>
<status status="PASS" starttime="20210303 18:15:40.493" endtime="20210303 18:15:40.516"></status>
</kw>
<status status="PASS" starttime="20210303 18:15:39.324" endtime="20210303 18:15:40.516"></status>
</kw>
<kw name="Login into the site">
<kw name="Enter Valid Login Credentials">
<kw name="Input Text" library="SeleniumLibrary">
<doc>Types the given ``text`` into the text field identified by ``locator``.</doc>
<arguments>
<arg>id:email</arg>
<arg>${VALID USERNAME}</arg>
</arguments>
<msg timestamp="20210303 18:15:40.519" level="INFO">Typing text 'swetha.rani.pannala@iths.se' into text field 'id:email'.</msg>
<status status="PASS" starttime="20210303 18:15:40.518" endtime="20210303 18:15:40.663"></status>
</kw>
<kw name="Input Text" library="SeleniumLibrary">
<doc>Types the given ``text`` into the text field identified by ``locator``.</doc>
<arguments>
<arg>id:password</arg>
<arg>${VALID PASSWORD}</arg>
</arguments>
<msg timestamp="20210303 18:15:40.664" level="INFO">Typing text 'tester2020' into text field 'id:password'.</msg>
<status status="PASS" starttime="20210303 18:15:40.663" endtime="20210303 18:15:40.766"></status>
</kw>
<status status="PASS" starttime="20210303 18:15:40.518" endtime="20210303 18:15:40.766"></status>
</kw>
<kw name="Submit Login Credentials">
<kw name="Press Keys" library="SeleniumLibrary">
<doc>Simulates the user pressing key(s) to an element or on the active browser.</doc>
<arguments>
<arg>id:login</arg>
<arg>Login</arg>
</arguments>
<msg timestamp="20210303 18:15:40.767" level="INFO">Sending key(s) ('Login',) to id:login element.</msg>
<msg timestamp="20210303 18:15:41.759" level="INFO">Sending keys Login</msg>
<status status="PASS" starttime="20210303 18:15:40.766" endtime="20210303 18:15:41.781"></status>
</kw>
<status status="PASS" starttime="20210303 18:15:40.766" endtime="20210303 18:15:41.781"></status>
</kw>
<kw name="Verify login Completed">
<kw name="Wait Until Page Contains Element" library="SeleniumLibrary">
<doc>Waits until the element ``locator`` appears on the current page.</doc>
<arguments>
<arg>id:welcomePhrase</arg>
</arguments>
<status status="PASS" starttime="20210303 18:15:41.782" endtime="20210303 18:15:41.797"></status>
</kw>
<status status="PASS" starttime="20210303 18:15:41.781" endtime="20210303 18:15:41.797"></status>
</kw>
<status status="PASS" starttime="20210303 18:15:40.517" endtime="20210303 18:15:41.797"></status>
</kw>
<kw name="End Web Test" type="teardown">
<kw name="Close Browser" library="SeleniumLibrary">
<doc>Closes the current browser.</doc>
<status status="PASS" starttime="20210303 18:15:41.798" endtime="20210303 18:15:44.044"></status>
</kw>
<status status="PASS" starttime="20210303 18:15:41.797" endtime="20210303 18:15:44.045"></status>
</kw>
<doc>This is some basic info about the whole test suite</doc>
<tags>
<tag>Test 1</tag>
</tags>
<status status="PASS" starttime="20210303 18:15:37.823" endtime="20210303 18:15:44.046" critical="yes"></status>
</test>
<test id="s1-t2" name="User can select the date for the trip">
<kw name="Begin Web Test" type="setup">
<kw name="Open Browser" library="SeleniumLibrary">
<doc>Opens a new browser instance to the optional ``url``.</doc>
<arguments>
<arg>about:blank</arg>
<arg>${BROWSER}</arg>
</arguments>
<msg timestamp="20210303 18:15:44.058" level="INFO">Opening browser 'chrome' to base url 'about:blank'.</msg>
<status status="PASS" starttime="20210303 18:15:44.058" endtime="20210303 18:15:45.438"></status>
</kw>
<status status="PASS" starttime="20210303 18:15:44.057" endtime="20210303 18:15:45.438"></status>
</kw>
<kw name="Given Go to Web Page">
<kw name="Load Page">
<kw name="Go To" library="SeleniumLibrary">
<doc>Navigates the current browser window to the provided ``url``.</doc>
<arguments>
<arg>${URL}</arg>
</arguments>
<msg timestamp="20210303 18:15:45.440" level="INFO">Opening url 'http://rental31.infotiv.net/'</msg>
<status status="PASS" starttime="20210303 18:15:45.440" endtime="20210303 18:15:46.530"></status>
</kw>
<status status="PASS" starttime="20210303 18:15:45.440" endtime="20210303 18:15:46.530"></status>
</kw>
<kw name="Verify Page Loaded">
<kw name="Wait Until Page Contains" library="SeleniumLibrary">
<doc>Waits until ``text`` appears on the current page.</doc>
<arguments>
<arg>Infotiv Car Rental</arg>
</arguments>
<status status="PASS" starttime="20210303 18:15:46.531" endtime="20210303 18:15:46.555"></status>
</kw>
<status status="PASS" starttime="20210303 18:15:46.530" endtime="20210303 18:15:46.556"></status>
</kw>
<status status="PASS" starttime="20210303 18:15:45.439" endtime="20210303 18:15:46.556"></status>
</kw>
<kw name="When Enter Valid Login Credentials">
<kw name="Input Text" library="SeleniumLibrary">
<doc>Types the given ``text`` into the text field identified by ``locator``.</doc>
<arguments>
<arg>id:email</arg>
<arg>${VALID USERNAME}</arg>
</arguments>
<msg timestamp="20210303 18:15:46.557" level="INFO">Typing text 'swetha.rani.pannala@iths.se' into text field 'id:email'.</msg>
<status status="PASS" starttime="20210303 18:15:46.557" endtime="20210303 18:15:46.706"></status>
</kw>
<kw name="Input Text" library="SeleniumLibrary">
<doc>Types the given ``text`` into the text field identified by ``locator``.</doc>
<arguments>
<arg>id:password</arg>
<arg>${VALID PASSWORD}</arg>
</arguments>
<msg timestamp="20210303 18:15:46.707" level="INFO">Typing text 'tester2020' into text field 'id:password'.</msg>
<status status="PASS" starttime="20210303 18:15:46.706" endtime="20210303 18:15:46.816"></status>
</kw>
<status status="PASS" starttime="20210303 18:15:46.556" endtime="20210303 18:15:46.817"></status>
</kw>
<kw name="And Submit Login Credentials">
<kw name="Press Keys" library="SeleniumLibrary">
<doc>Simulates the user pressing key(s) to an element or on the active browser.</doc>
<arguments>
<arg>id:login</arg>
<arg>Login</arg>
</arguments>
<msg timestamp="20210303 18:15:46.818" level="INFO">Sending key(s) ('Login',) to id:login element.</msg>
<msg timestamp="20210303 18:15:47.915" level="INFO">Sending keys Login</msg>
<status status="PASS" starttime="20210303 18:15:46.817" endtime="20210303 18:15:47.930"></status>
</kw>
<status status="PASS" starttime="20210303 18:15:46.817" endtime="20210303 18:15:47.930"></status>
</kw>
<kw name="And Verify login Completed">
<kw name="Wait Until Page Contains Element" library="SeleniumLibrary">
<doc>Waits until the element ``locator`` appears on the current page.</doc>
<arguments>
<arg>id:welcomePhrase</arg>
</arguments>
<status status="PASS" starttime="20210303 18:15:47.931" endtime="20210303 18:15:47.946"></status>
</kw>
<status status="PASS" starttime="20210303 18:15:47.931" endtime="20210303 18:15:47.946"></status>
</kw>
<kw name="And Enter start and end date">
<kw name="Input Text" library="SeleniumLibrary">
<doc>Types the given ``text`` into the text field identified by ``locator``.</doc>
<arguments>
<arg>id:start</arg>
<arg>${START_DATE}</arg>
</arguments>
<msg timestamp="20210303 18:15:47.947" level="INFO">Typing text '03-12' into text field 'id:start'.</msg>
<status status="PASS" starttime="20210303 18:15:47.947" endtime="20210303 18:15:48.061"></status>
</kw>
<kw name="Input Text" library="SeleniumLibrary">
<doc>Types the given ``text`` into the text field identified by ``locator``.</doc>
<arguments>
<arg>id:end</arg>
<arg>${END_DATE}</arg>
</arguments>
<msg timestamp="20210303 18:15:48.061" level="INFO">Typing text '03_12' into text field 'id:end'.</msg>
<status status="PASS" starttime="20210303 18:15:48.061" endtime="20210303 18:15:48.154"></status>
</kw>
<kw name="Set Selenium Speed" library="SeleniumLibrary">
<doc>Sets the delay that is waited after each Selenium command.</doc>
<arguments>
<arg>0.25</arg>
</arguments>
<status status="PASS" starttime="20210303 18:15:48.154" endtime="20210303 18:15:48.154"></status>
</kw>
<status status="PASS" starttime="20210303 18:15:47.947" endtime="20210303 18:15:48.155"></status>
</kw>
<kw name="And Submit Dates selected">
<kw name="Press Keys" library="SeleniumLibrary">
<doc>Simulates the user pressing key(s) to an element or on the active browser.</doc>
<arguments>
<arg>xpath://*[@id="continue"]</arg>
<arg>Continue</arg>
</arguments>
<msg timestamp="20210303 18:15:48.155" level="INFO">Sending key(s) ('Continue',) to xpath://*[@id="continue"] element.</msg>
<msg timestamp="20210303 18:15:49.841" level="INFO">Sending keys Continue</msg>
<status status="PASS" starttime="20210303 18:15:48.155" endtime="20210303 18:15:50.165"></status>
</kw>
<status status="PASS" starttime="20210303 18:15:48.155" endtime="20210303 18:15:50.165"></status>
</kw>
<kw name="Then Verify Date selected/accepted">
<kw name="Wait Until Page Contains Element" library="SeleniumLibrary">
<doc>Waits until the element ``locator`` appears on the current page.</doc>
<arguments>
<arg>id:questionText</arg>
</arguments>
<status status="PASS" starttime="20210303 18:15:50.165" endtime="20210303 18:15:50.459"></status>
</kw>
<status status="PASS" starttime="20210303 18:15:50.165" endtime="20210303 18:15:50.461"></status>
</kw>
<kw name="End Web Test" type="teardown">
<kw name="Close Browser" library="SeleniumLibrary">
<doc>Closes the current browser.</doc>
<status status="PASS" starttime="20210303 18:15:50.461" endtime="20210303 18:15:52.832"></status>
</kw>
<status status="PASS" starttime="20210303 18:15:50.461" endtime="20210303 18:15:52.833"></status>
</kw>
<doc>This is some basic info about the whole test suite</doc>
<tags>
<tag>Test 2</tag>
</tags>
<status status="PASS" starttime="20210303 18:15:44.055" endtime="20210303 18:15:52.835" critical="yes"></status>
</test>
<test id="s1-t3" name="User book car for a trip">
<kw name="Begin Web Test" type="setup">
<kw name="Open Browser" library="SeleniumLibrary">
<doc>Opens a new browser instance to the optional ``url``.</doc>
<arguments>
<arg>about:blank</arg>
<arg>${BROWSER}</arg>
</arguments>
<msg timestamp="20210303 18:15:52.838" level="INFO">Opening browser 'chrome' to base url 'about:blank'.</msg>
<status status="PASS" starttime="20210303 18:15:52.838" endtime="20210303 18:15:54.444"></status>
</kw>
<status status="PASS" starttime="20210303 18:15:52.838" endtime="20210303 18:15:54.444"></status>
</kw>
<kw name="Given Go to Web Page">
<kw name="Load Page">
<kw name="Go To" library="SeleniumLibrary">
<doc>Navigates the current browser window to the provided ``url``.</doc>
<arguments>
<arg>${URL}</arg>
</arguments>
<msg timestamp="20210303 18:15:54.446" level="INFO">Opening url 'http://rental31.infotiv.net/'</msg>
<status status="PASS" starttime="20210303 18:15:54.446" endtime="20210303 18:15:55.676"></status>
</kw>
<status status="PASS" starttime="20210303 18:15:54.446" endtime="20210303 18:15:55.677"></status>
</kw>
<kw name="Verify Page Loaded">
<kw name="Wait Until Page Contains" library="SeleniumLibrary">
<doc>Waits until ``text`` appears on the current page.</doc>
<arguments>
<arg>Infotiv Car Rental</arg>
</arguments>
<status status="PASS" starttime="20210303 18:15:55.679" endtime="20210303 18:15:55.982"></status>
</kw>
<status status="PASS" starttime="20210303 18:15:55.678" endtime="20210303 18:15:55.982"></status>
</kw>
<status status="PASS" starttime="20210303 18:15:54.444" endtime="20210303 18:15:55.982"></status>
</kw>
<kw name="When Enter Valid Login Credentials">
<kw name="Input Text" library="SeleniumLibrary">
<doc>Types the given ``text`` into the text field identified by ``locator``.</doc>
<arguments>
<arg>id:email</arg>
<arg>${VALID USERNAME}</arg>
</arguments>
<msg timestamp="20210303 18:15:55.982" level="INFO">Typing text 'swetha.rani.pannala@iths.se' into text field 'id:email'.</msg>
<status status="PASS" starttime="20210303 18:15:55.982" endtime="20210303 18:15:56.981"></status>
</kw>
<kw name="Input Text" library="SeleniumLibrary">
<doc>Types the given ``text`` into the text field identified by ``locator``.</doc>
<arguments>
<arg>id:password</arg>
<arg>${VALID PASSWORD}</arg>
</arguments>
<msg timestamp="20210303 18:15:56.982" level="INFO">Typing text 'tester2020' into text field 'id:password'.</msg>
<status status="PASS" starttime="20210303 18:15:56.981" endtime="20210303 18:15:57.914"></status>
</kw>
<status status="PASS" starttime="20210303 18:15:55.982" endtime="20210303 18:15:57.914"></status>
</kw>
<kw name="And Submit Login Credentials">
<kw name="Press Keys" library="SeleniumLibrary">
<doc>Simulates the user pressing key(s) to an element or on the active browser.</doc>
<arguments>
<arg>id:login</arg>
<arg>Login</arg>
</arguments>
<msg timestamp="20210303 18:15:57.914" level="INFO">Sending key(s) ('Login',) to id:login element.</msg>
<msg timestamp="20210303 18:15:59.519" level="INFO">Sending keys Login</msg>
<status status="PASS" starttime="20210303 18:15:57.914" endtime="20210303 18:15:59.816"></status>
</kw>
<status status="PASS" starttime="20210303 18:15:57.914" endtime="20210303 18:15:59.816"></status>
</kw>
<kw name="And Verify login Completed">
<kw name="Wait Until Page Contains Element" library="SeleniumLibrary">
<doc>Waits until the element ``locator`` appears on the current page.</doc>
<arguments>
<arg>id:welcomePhrase</arg>
</arguments>
<status status="PASS" starttime="20210303 18:15:59.816" endtime="20210303 18:16:00.108"></status>
</kw>
<status status="PASS" starttime="20210303 18:15:59.816" endtime="20210303 18:16:00.108"></status>
</kw>
<kw name="And Enter start and end date">
<kw name="Input Text" library="SeleniumLibrary">
<doc>Types the given ``text`` into the text field identified by ``locator``.</doc>
<arguments>
<arg>id:start</arg>
<arg>${START_DATE}</arg>
</arguments>
<msg timestamp="20210303 18:16:00.108" level="INFO">Typing text '03-12' into text field 'id:start'.</msg>
<status status="PASS" starttime="20210303 18:16:00.108" endtime="20210303 18:16:01.076"></status>
</kw>
<kw name="Input Text" library="SeleniumLibrary">
<doc>Types the given ``text`` into the text field identified by ``locator``.</doc>
<arguments>
<arg>id:end</arg>
<arg>${END_DATE}</arg>
</arguments>
<msg timestamp="20210303 18:16:01.076" level="INFO">Typing text '03_12' into text field 'id:end'.</msg>
<status status="PASS" starttime="20210303 18:16:01.076" endtime="20210303 18:16:02.050"></status>
</kw>
<kw name="Set Selenium Speed" library="SeleniumLibrary">
<doc>Sets the delay that is waited after each Selenium command.</doc>
<arguments>
<arg>0.25</arg>
</arguments>
<status status="PASS" starttime="20210303 18:16:02.050" endtime="20210303 18:16:02.050"></status>
</kw>
<status status="PASS" starttime="20210303 18:16:00.108" endtime="20210303 18:16:02.050"></status>
</kw>
<kw name="And Submit Dates selected">
<kw name="Press Keys" library="SeleniumLibrary">
<doc>Simulates the user pressing key(s) to an element or on the active browser.</doc>
<arguments>
<arg>xpath://*[@id="continue"]</arg>
<arg>Continue</arg>
</arguments>
<msg timestamp="20210303 18:16:02.050" level="INFO">Sending key(s) ('Continue',) to xpath://*[@id="continue"] element.</msg>
<msg timestamp="20210303 18:16:03.742" level="INFO">Sending keys Continue</msg>
<status status="PASS" starttime="20210303 18:16:02.050" endtime="20210303 18:16:04.044"></status>
</kw>
<status status="PASS" starttime="20210303 18:16:02.050" endtime="20210303 18:16:04.044"></status>
</kw>
<kw name="And Verify Date selected/accepted">
<kw name="Wait Until Page Contains Element" library="SeleniumLibrary">
<doc>Waits until the element ``locator`` appears on the current page.</doc>
<arguments>
<arg>id:questionText</arg>
</arguments>
<status status="PASS" starttime="20210303 18:16:04.044" endtime="20210303 18:16:04.343"></status>
</kw>
<status status="PASS" starttime="20210303 18:16:04.044" endtime="20210303 18:16:04.344"></status>
</kw>
<kw name="And Select Required Car">
<kw name="Click Button" library="SeleniumLibrary">
<doc>Clicks the button identified by ``locator``.</doc>
<arguments>
<arg>xpath://*[@id="ms-list-1"]/button</arg>
</arguments>
<msg timestamp="20210303 18:16:04.346" level="INFO">Clicking button 'xpath://*[@id="ms-list-1"]/button'.</msg>
<status status="PASS" starttime="20210303 18:16:04.346" endtime="20210303 18:16:05.751"></status>
</kw>
<kw name="Select Checkbox" library="SeleniumLibrary">
<doc>Selects the checkbox identified by ``locator``.</doc>
<arguments>
<arg>${CAR_NAME}</arg>
</arguments>
<msg timestamp="20210303 18:16:05.751" level="INFO">Selecting checkbox 'Audi'.</msg>
<status status="PASS" starttime="20210303 18:16:05.751" endtime="20210303 18:16:06.869"></status>
</kw>
<kw name="Click Button" library="SeleniumLibrary">
<doc>Clicks the button identified by ``locator``.</doc>
<arguments>
<arg>xpath://*[@id="ms-list-2"]/button</arg>
</arguments>
<msg timestamp="20210303 18:16:06.869" level="INFO">Clicking button 'xpath://*[@id="ms-list-2"]/button'.</msg>
<status status="PASS" starttime="20210303 18:16:06.869" endtime="20210303 18:16:08.229"></status>
</kw>
<kw name="Select Checkbox" library="SeleniumLibrary">
<doc>Selects the checkbox identified by ``locator``.</doc>
<arguments>
<arg>${PASSENGERS_NUMBER}</arg>
</arguments>
<msg timestamp="20210303 18:16:08.229" level="INFO">Selecting checkbox '2'.</msg>
<status status="PASS" starttime="20210303 18:16:08.229" endtime="20210303 18:16:09.336"></status>
</kw>
<status status="PASS" starttime="20210303 18:16:04.346" endtime="20210303 18:16:09.336"></status>
</kw>
<kw name="And Submit selected Car">
<kw name="Click Element" library="SeleniumLibrary">
<doc>Click the element identified by ``locator``.</doc>
<arguments>
<arg>id=leftpane</arg>
</arguments>
<msg timestamp="20210303 18:16:09.337" level="INFO">Clicking element 'id=leftpane'.</msg>
<status status="PASS" starttime="20210303 18:16:09.337" endtime="20210303 18:16:09.931"></status>
</kw>
<kw name="Sleep" library="BuiltIn">
<doc>Pauses the test executed for the given time.</doc>
<arguments>
<arg>.25</arg>
</arguments>
<msg timestamp="20210303 18:16:10.196" level="INFO">Slept 250 milliseconds</msg>
<status status="PASS" starttime="20210303 18:16:09.931" endtime="20210303 18:16:10.196"></status>
</kw>
<status status="PASS" starttime="20210303 18:16:09.337" endtime="20210303 18:16:10.196"></status>
</kw>
<kw name="And Verify Car Search Completed">
<kw name="Wait Until Page Contains Element" library="SeleniumLibrary">
<doc>Waits until the element ``locator`` appears on the current page.</doc>
<arguments>
<arg>id:carSelection</arg>
</arguments>
<status status="PASS" starttime="20210303 18:16:10.196" endtime="20210303 18:16:10.488"></status>
</kw>
<status status="PASS" starttime="20210303 18:16:10.196" endtime="20210303 18:16:10.488"></status>
</kw>
<kw name="And Book the car">
<kw name="Click Button" library="SeleniumLibrary">
<doc>Clicks the button identified by ``locator``.</doc>
<arguments>
<arg>id=carSelect1</arg>
</arguments>
<msg timestamp="20210303 18:16:10.488" level="INFO">Clicking button 'id=carSelect1'.</msg>
<status status="PASS" starttime="20210303 18:16:10.488" endtime="20210303 18:16:11.967"></status>
</kw>
<status status="PASS" starttime="20210303 18:16:10.488" endtime="20210303 18:16:11.967"></status>
</kw>
<kw name="And filling personal details">
<kw name="Input Text" library="SeleniumLibrary">
<doc>Types the given ``text`` into the text field identified by ``locator``.</doc>
<arguments>
<arg>id:cardNum</arg>
<arg>${CARD_NUMBER}</arg>
</arguments>
<msg timestamp="20210303 18:16:11.967" level="INFO">Typing text '8783919167171213' into text field 'id:cardNum'.</msg>
<status status="PASS" starttime="20210303 18:16:11.967" endtime="20210303 18:16:12.968"></status>
</kw>
<kw name="Input Text" library="SeleniumLibrary">
<doc>Types the given ``text`` into the text field identified by ``locator``.</doc>
<arguments>
<arg>id:fullName</arg>
<arg>${CARDHOLDER_NAME}</arg>
</arguments>
<msg timestamp="20210303 18:16:12.970" level="INFO">Typing text 'Swetha rani p' into text field 'id:fullName'.</msg>
<status status="PASS" starttime="20210303 18:16:12.968" endtime="20210303 18:16:13.924"></status>
</kw>
<kw name="Click Element" library="SeleniumLibrary">
<doc>Click the element identified by ``locator``.</doc>
<arguments>
<arg>xpath://*[@id="confirmSelection"]/form/select[1]</arg>
</arguments>
<msg timestamp="20210303 18:16:13.925" level="INFO">Clicking element 'xpath://*[@id="confirmSelection"]/form/select[1]'.</msg>
<status status="PASS" starttime="20210303 18:16:13.924" endtime="20210303 18:16:14.573"></status>
</kw>
<kw name="Click Element" library="SeleniumLibrary">
<doc>Click the element identified by ``locator``.</doc>
<arguments>
<arg>xpath://*[@id="confirmSelection"]/form/select[1]/option[2]</arg>
</arguments>
<msg timestamp="20210303 18:16:14.573" level="INFO">Clicking element 'xpath://*[@id="confirmSelection"]/form/select[1]/option[2]'.</msg>
<status status="PASS" starttime="20210303 18:16:14.573" endtime="20210303 18:16:15.175"></status>
</kw>
<kw name="Click Element" library="SeleniumLibrary">
<doc>Click the element identified by ``locator``.</doc>
<arguments>
<arg>xpath://*[@id="confirmSelection"]/form/select[2]</arg>
</arguments>
<msg timestamp="20210303 18:16:15.175" level="INFO">Clicking element 'xpath://*[@id="confirmSelection"]/form/select[2]'.</msg>
<status status="PASS" starttime="20210303 18:16:15.175" endtime="20210303 18:16:15.820"></status>
</kw>
<kw name="Click Element" library="SeleniumLibrary">
<doc>Click the element identified by ``locator``.</doc>
<arguments>
<arg>xpath://*[@id="confirmSelection"]/form/select[2]/option[6]</arg>
</arguments>
<msg timestamp="20210303 18:16:15.820" level="INFO">Clicking element 'xpath://*[@id="confirmSelection"]/form/select[2]/option[6]'.</msg>
<status status="PASS" starttime="20210303 18:16:15.820" endtime="20210303 18:16:16.406"></status>
</kw>
<kw name="Input Text" library="SeleniumLibrary">
<doc>Types the given ``text`` into the text field identified by ``locator``.</doc>
<arguments>
<arg>id:cvc</arg>
<arg>${CVC_NUMBER}</arg>
</arguments>
<msg timestamp="20210303 18:16:16.406" level="INFO">Typing text '123' into text field 'id:cvc'.</msg>
<status status="PASS" starttime="20210303 18:16:16.406" endtime="20210303 18:16:17.371"></status>
</kw>
<status status="PASS" starttime="20210303 18:16:11.967" endtime="20210303 18:16:17.371"></status>
</kw>
<kw name="Then Car booking">
<kw name="Click Button" library="SeleniumLibrary">
<doc>Clicks the button identified by ``locator``.</doc>
<arguments>
<arg>id:confirm</arg>
</arguments>
<msg timestamp="20210303 18:16:17.376" level="INFO">Clicking button 'id:confirm'.</msg>
<status status="PASS" starttime="20210303 18:16:17.371" endtime="20210303 18:16:19.112"></status>
</kw>
<status status="PASS" starttime="20210303 18:16:17.371" endtime="20210303 18:16:19.112"></status>
</kw>
<kw name="End Web Test" type="teardown">
<kw name="Close Browser" library="SeleniumLibrary">
<doc>Closes the current browser.</doc>
<status status="PASS" starttime="20210303 18:16:19.112" endtime="20210303 18:16:21.562"></status>
</kw>
<status status="PASS" starttime="20210303 18:16:19.112" endtime="20210303 18:16:21.563"></status>
</kw>
<doc>This is some basic info about the whole test suite</doc>
<tags>
<tag>VG_test</tag>
</tags>
<status status="PASS" starttime="20210303 18:15:52.838" endtime="20210303 18:16:21.564" critical="yes"></status>
</test>
<doc>This is some basic info about the whole test suite</doc>
<status status="PASS" starttime="20210303 18:15:37.530" endtime="20210303 18:16:21.570"></status>
</suite>
<statistics>
<total>
<stat pass="3" fail="0">Critical Tests</stat>
<stat pass="3" fail="0">All Tests</stat>
</total>
<tag>
<stat pass="1" fail="0">Test 1</stat>
<stat pass="1" fail="0">Test 2</stat>
<stat pass="1" fail="0">VG_test</stat>
</tag>
<suite>
<stat pass="3" fail="0" id="s1" name="New">New</stat>
</suite>
</statistics>
<errors>
</errors>
</robot>
